<?xml version="1.0" encoding="UTF-8"?>
<testng-results ignored="0" total="1" passed="1" failed="0" skipped="0">
  <reporter-output>
  </reporter-output>
  <suite started-at="2025-07-26T13:17:13 IST" name="Surefire suite" finished-at="2025-07-26T13:17:14 IST" duration-ms="482">
    <groups>
    </groups>
    <test started-at="2025-07-26T13:17:13 IST" name="Surefire test" finished-at="2025-07-26T13:17:14 IST" duration-ms="482">
      <class name="RestAPI.Test_1">
        <test-method signature="Test1()[pri:0, instance:RestAPI.Test_1@3c87521]" started-at="2025-07-26T13:17:13 IST" name="Test1" finished-at="2025-07-26T13:17:14 IST" duration-ms="472" status="PASS">
          <reporter-output>
          </reporter-output>
        </test-method> <!-- Test1 -->
      </class> <!-- RestAPI.Test_1 -->
    </test> <!-- Surefire test -->
  </suite> <!-- Surefire suite -->
</testng-results>
