<?xml version="1.0" encoding="UTF-8"?>
<testng-results ignored="0" total="1" passed="1" failed="0" skipped="0">
  <reporter-output>
  </reporter-output>
  <suite started-at="2025-07-26T13:29:04 IST" name="Default suite" finished-at="2025-07-26T13:29:04 IST" duration-ms="517">
    <groups>
    </groups>
    <test started-at="2025-07-26T13:29:04 IST" name="Default test" finished-at="2025-07-26T13:29:04 IST" duration-ms="517">
      <class name="RestAPI.Test_1">
        <test-method signature="Test1()[pri:0, instance:RestAPI.Test_1@2e005c4b]" started-at="2025-07-26T13:29:04 IST" name="Test1" finished-at="2025-07-26T13:29:04 IST" duration-ms="506" status="PASS">
          <reporter-output>
          </reporter-output>
        </test-method> <!-- Test1 -->
      </class> <!-- RestAPI.Test_1 -->
    </test> <!-- Default test -->
  </suite> <!-- Default suite -->
</testng-results>
